12:54:03,482 DEBUG [GreedyNativeTest] 2------------
12:54:06,097 DEBUG [GreedyNativeTest] 0:,3,964872228
12:54:07,109 DEBUG [GreedyNativeTest] 0:,2,4517722
12:54:15,938 DEBUG [GreedyNativeTest] 0:,7,5801498726
12:54:23,674 DEBUG [GreedyNativeTest] 0:,3,3792195990
12:54:24,716 DEBUG [GreedyNativeTest] 0:,2,23427093
12:55:00,229 DEBUG [GreedyNativeTest] 0:,7,29280910486
12:55:01,428 DEBUG [GreedyNativeTest] 0:,2,126003195
12:55:03,735 DEBUG [GreedyNativeTest] 0:,6,1036794716
12:55:05,012 DEBUG [GreedyNativeTest] 0:,5,214033600
12:55:06,108 DEBUG [GreedyNativeTest] 0:,2,62250182
12:55:24,754 DEBUG [GreedyNativeTest] 0:,2,11925673396
12:55:25,790 DEBUG [GreedyNativeTest] 0:,5,22106979
12:55:26,815 DEBUG [GreedyNativeTest] 0:,3,16068171
12:55:27,943 DEBUG [GreedyNativeTest] 0:,3,86872007
12:55:29,073 DEBUG [GreedyNativeTest] 0:,3,88315059
12:55:30,737 DEBUG [GreedyNativeTest] 0:,4,499976145
12:55:32,418 DEBUG [GreedyNativeTest] 0:,4,518354697
12:55:33,442 DEBUG [GreedyNativeTest] 0:,2,12565835
12:55:34,467 DEBUG [GreedyNativeTest] 0:,2,13288578
12:55:35,580 DEBUG [GreedyNativeTest] 0:,2,66139987
12:55:36,691 DEBUG [GreedyNativeTest] 0:,2,65368139
12:55:37,805 DEBUG [GreedyNativeTest] 0:,2,67642937
12:55:39,789 DEBUG [GreedyNativeTest] 0:,2,561651689
12:55:40,819 DEBUG [GreedyNativeTest] 0:,2,15904176
12:55:41,836 DEBUG [GreedyNativeTest] 0:,2,8130633
12:55:43,227 DEBUG [GreedyNativeTest] 0:,2,240466641
12:55:59,900 DEBUG [GreedyNativeTest] 0:,2,11232587910
12:56:03,493 DEBUG [GreedyNativeTest] 0:,11,2333250842
12:56:07,464 DEBUG [GreedyNativeTest] 0:,6,2457739885
12:56:10,917 DEBUG [GreedyNativeTest] 0:,3,1735195241
12:56:11,966 DEBUG [GreedyNativeTest] 0:,8,42483655
12:56:13,031 DEBUG [GreedyNativeTest] 0:,4,49809940
12:56:14,095 DEBUG [GreedyNativeTest] 0:,3,45082042
12:56:15,486 DEBUG [GreedyNativeTest] 0:,9,352313426
12:56:16,933 DEBUG [GreedyNativeTest] 0:,5,360491570
12:56:18,371 DEBUG [GreedyNativeTest] 0:,3,316508929
12:56:18,372 DEBUG [GreedyNativeTest] 3------------
12:56:20,535 DEBUG [GreedyNativeTest] 0:,3,790294054
12:56:21,544 DEBUG [GreedyNativeTest] 0:,2,4233672
12:56:29,010 DEBUG [GreedyNativeTest] 0:,7,5546222331
12:56:36,894 DEBUG [GreedyNativeTest] 0:,3,5117838324
12:56:37,934 DEBUG [GreedyNativeTest] 0:,2,22471092
12:57:10,613 DEBUG [GreedyNativeTest] 0:,7,27126706598
12:57:11,813 DEBUG [GreedyNativeTest] 0:,2,119259940
12:57:14,031 DEBUG [GreedyNativeTest] 0:,6,1014463351
12:57:15,260 DEBUG [GreedyNativeTest] 0:,5,185211250
12:57:16,351 DEBUG [GreedyNativeTest] 0:,2,59003158
12:57:35,943 DEBUG [GreedyNativeTest] 0:,2,13192459286
12:57:36,975 DEBUG [GreedyNativeTest] 0:,5,23941526
12:57:38,001 DEBUG [GreedyNativeTest] 0:,3,16078568
12:57:39,144 DEBUG [GreedyNativeTest] 0:,3,96658577
12:57:40,285 DEBUG [GreedyNativeTest] 0:,3,95789764
12:57:41,995 DEBUG [GreedyNativeTest] 0:,4,543817080
12:57:43,690 DEBUG [GreedyNativeTest] 0:,4,513110867
12:57:44,717 DEBUG [GreedyNativeTest] 0:,2,13357258
12:57:45,753 DEBUG [GreedyNativeTest] 0:,2,21803757
12:57:46,863 DEBUG [GreedyNativeTest] 0:,2,65890635
12:57:47,983 DEBUG [GreedyNativeTest] 0:,2,69284740
12:57:49,096 DEBUG [GreedyNativeTest] 0:,2,64272464
12:57:51,085 DEBUG [GreedyNativeTest] 0:,2,544639864
12:57:52,114 DEBUG [GreedyNativeTest] 0:,2,14944902
12:57:53,140 DEBUG [GreedyNativeTest] 0:,2,14083639
12:57:54,566 DEBUG [GreedyNativeTest] 0:,2,260277722
12:58:11,021 DEBUG [GreedyNativeTest] 0:,2,10991653365
12:58:14,758 DEBUG [GreedyNativeTest] 0:,11,2476808608
12:58:18,974 DEBUG [GreedyNativeTest] 0:,6,2695091652
12:58:22,554 DEBUG [GreedyNativeTest] 0:,3,1783926961
12:58:23,621 DEBUG [GreedyNativeTest] 0:,8,56185640
12:58:24,682 DEBUG [GreedyNativeTest] 0:,4,47721886
12:58:25,751 DEBUG [GreedyNativeTest] 0:,3,47464341
12:58:27,181 DEBUG [GreedyNativeTest] 0:,9,385112778
12:58:28,685 DEBUG [GreedyNativeTest] 0:,5,408402332
12:58:30,169 DEBUG [GreedyNativeTest] 0:,3,339209597
12:58:30,170 DEBUG [GreedyNativeTest] 4------------
12:58:32,425 DEBUG [GreedyNativeTest] 0:,3,868061909
12:58:33,438 DEBUG [GreedyNativeTest] 0:,2,4987835
12:58:41,164 DEBUG [GreedyNativeTest] 0:,7,5706348190
12:58:47,821 DEBUG [GreedyNativeTest] 0:,3,3786554680
12:58:48,863 DEBUG [GreedyNativeTest] 0:,2,23679495
12:59:19,741 DEBUG [GreedyNativeTest] 0:,7,25430493938
12:59:20,919 DEBUG [GreedyNativeTest] 0:,2,107970800
12:59:23,148 DEBUG [GreedyNativeTest] 0:,6,1031230138
12:59:24,377 DEBUG [GreedyNativeTest] 0:,5,183478869
12:59:25,470 DEBUG [GreedyNativeTest] 0:,2,58066419
12:59:47,041 DEBUG [GreedyNativeTest] 0:,2,13399259672
12:59:48,071 DEBUG [GreedyNativeTest] 0:,5,23656748
12:59:49,098 DEBUG [GreedyNativeTest] 0:,3,17294213
12:59:50,224 DEBUG [GreedyNativeTest] 0:,3,88236485
12:59:51,360 DEBUG [GreedyNativeTest] 0:,3,90931868
12:59:53,045 DEBUG [GreedyNativeTest] 0:,4,509369516
12:59:54,760 DEBUG [GreedyNativeTest] 0:,4,530803889
12:59:55,788 DEBUG [GreedyNativeTest] 0:,2,14397367
12:59:56,809 DEBUG [GreedyNativeTest] 0:,2,12006042
12:59:57,927 DEBUG [GreedyNativeTest] 0:,2,69000425
12:59:59,045 DEBUG [GreedyNativeTest] 0:,2,68615957
13:00:00,165 DEBUG [GreedyNativeTest] 0:,2,70338210
13:00:02,160 DEBUG [GreedyNativeTest] 0:,2,558981828
13:00:03,194 DEBUG [GreedyNativeTest] 0:,2,16954527
13:00:04,205 DEBUG [GreedyNativeTest] 0:,2,7314905
13:00:05,606 DEBUG [GreedyNativeTest] 0:,2,245711114
13:00:18,707 DEBUG [GreedyNativeTest] 0:,2,7538880014
13:00:22,368 DEBUG [GreedyNativeTest] 0:,11,2404950206
13:00:26,386 DEBUG [GreedyNativeTest] 0:,6,2522771008
13:00:29,964 DEBUG [GreedyNativeTest] 0:,3,1768313071
13:00:31,011 DEBUG [GreedyNativeTest] 0:,8,40534390
13:00:32,064 DEBUG [GreedyNativeTest] 0:,4,40136729
13:00:33,127 DEBUG [GreedyNativeTest] 0:,3,45664533
13:00:34,520 DEBUG [GreedyNativeTest] 0:,9,353485733
13:00:35,969 DEBUG [GreedyNativeTest] 0:,5,363079522
13:00:37,416 DEBUG [GreedyNativeTest] 0:,3,319564607
13:00:37,416 DEBUG [GreedyNativeTest] 5------------
13:00:39,742 DEBUG [GreedyNativeTest] 0:,3,774032803
13:00:40,749 DEBUG [GreedyNativeTest] 0:,2,4230281
13:00:48,231 DEBUG [GreedyNativeTest] 0:,7,5509014977
13:00:54,780 DEBUG [GreedyNativeTest] 0:,3,3741623012
13:00:55,821 DEBUG [GreedyNativeTest] 0:,2,23255979
13:01:29,065 DEBUG [GreedyNativeTest] 0:,7,27262234496
13:01:30,258 DEBUG [GreedyNativeTest] 0:,2,112933389
13:01:32,546 DEBUG [GreedyNativeTest] 0:,6,1073969133
13:01:33,775 DEBUG [GreedyNativeTest] 0:,5,186684051
13:01:34,873 DEBUG [GreedyNativeTest] 0:,2,61210334
13:01:54,450 DEBUG [GreedyNativeTest] 0:,2,12649018036
13:01:55,482 DEBUG [GreedyNativeTest] 0:,5,21320177
13:01:56,510 DEBUG [GreedyNativeTest] 0:,3,17504233
13:01:57,636 DEBUG [GreedyNativeTest] 0:,3,86368135
13:01:58,763 DEBUG [GreedyNativeTest] 0:,3,87436672
13:02:00,424 DEBUG [GreedyNativeTest] 0:,4,498664119
13:02:02,118 DEBUG [GreedyNativeTest] 0:,4,527027714
13:02:03,141 DEBUG [GreedyNativeTest] 0:,2,13021318
13:02:04,168 DEBUG [GreedyNativeTest] 0:,2,13719788
13:02:05,280 DEBUG [GreedyNativeTest] 0:,2,66331255
13:02:06,399 DEBUG [GreedyNativeTest] 0:,2,66825260
13:02:07,520 DEBUG [GreedyNativeTest] 0:,2,67937771
13:02:09,476 DEBUG [GreedyNativeTest] 0:,2,531631465
13:02:10,507 DEBUG [GreedyNativeTest] 0:,2,15591348
13:02:11,519 DEBUG [GreedyNativeTest] 0:,2,7018371
13:02:12,905 DEBUG [GreedyNativeTest] 0:,2,242258385
13:02:25,644 DEBUG [GreedyNativeTest] 0:,2,7294207303
13:02:29,281 DEBUG [GreedyNativeTest] 0:,11,2379067396
13:02:33,310 DEBUG [GreedyNativeTest] 0:,6,2502862056
13:02:36,792 DEBUG [GreedyNativeTest] 0:,3,1719211555
13:02:37,849 DEBUG [GreedyNativeTest] 0:,8,46765671
13:02:38,910 DEBUG [GreedyNativeTest] 0:,4,47396327
13:02:39,974 DEBUG [GreedyNativeTest] 0:,3,45751809
13:02:41,390 DEBUG [GreedyNativeTest] 0:,9,373701565
13:02:42,850 DEBUG [GreedyNativeTest] 0:,5,367389853
13:02:44,320 DEBUG [GreedyNativeTest] 0:,3,332051017
13:02:44,320 DEBUG [GreedyNativeTest] 6------------
13:02:46,601 DEBUG [GreedyNativeTest] 0:,3,770337946
13:02:47,613 DEBUG [GreedyNativeTest] 0:,2,4410417
13:02:55,151 DEBUG [GreedyNativeTest] 0:,7,5550041980
13:03:01,632 DEBUG [GreedyNativeTest] 0:,3,3707616169
13:03:02,671 DEBUG [GreedyNativeTest] 0:,2,23965941
13:03:35,480 DEBUG [GreedyNativeTest] 0:,7,27652215198
13:03:36,660 DEBUG [GreedyNativeTest] 0:,2,108535244
13:03:38,976 DEBUG [GreedyNativeTest] 0:,6,1083921073
13:03:40,198 DEBUG [GreedyNativeTest] 0:,5,181655573
13:03:41,298 DEBUG [GreedyNativeTest] 0:,2,62449234
13:03:57,603 DEBUG [GreedyNativeTest] 0:,2,9490478815
13:03:58,637 DEBUG [GreedyNativeTest] 0:,5,25043303
13:03:59,666 DEBUG [GreedyNativeTest] 0:,3,17557038
13:04:00,798 DEBUG [GreedyNativeTest] 0:,3,88606880
13:04:01,944 DEBUG [GreedyNativeTest] 0:,3,102331492
13:04:03,637 DEBUG [GreedyNativeTest] 0:,4,512782800
13:04:05,343 DEBUG [GreedyNativeTest] 0:,4,522657753
13:04:06,366 DEBUG [GreedyNativeTest] 0:,2,10760833
13:04:07,391 DEBUG [GreedyNativeTest] 0:,2,11419369
13:04:08,502 DEBUG [GreedyNativeTest] 0:,2,65487677
13:04:09,614 DEBUG [GreedyNativeTest] 0:,2,65691435
13:04:10,728 DEBUG [GreedyNativeTest] 0:,2,65737779
13:04:12,689 DEBUG [GreedyNativeTest] 0:,2,525170622
13:04:13,719 DEBUG [GreedyNativeTest] 0:,2,16573527
13:04:14,735 DEBUG [GreedyNativeTest] 0:,2,6559566
13:04:16,135 DEBUG [GreedyNativeTest] 0:,2,245115604
13:04:32,018 DEBUG [GreedyNativeTest] 0:,2,10465720598
13:04:35,651 DEBUG [GreedyNativeTest] 0:,11,2386203300
13:04:39,689 DEBUG [GreedyNativeTest] 0:,6,2507991629
13:04:43,213 DEBUG [GreedyNativeTest] 0:,3,1724453076
13:04:44,266 DEBUG [GreedyNativeTest] 0:,8,46231474
13:04:45,320 DEBUG [GreedyNativeTest] 0:,4,40664629
13:04:46,388 DEBUG [GreedyNativeTest] 0:,3,48570284
13:04:47,781 DEBUG [GreedyNativeTest] 0:,9,349996108
13:04:49,256 DEBUG [GreedyNativeTest] 0:,5,383575073
13:04:50,714 DEBUG [GreedyNativeTest] 0:,3,331370991
13:04:50,715 DEBUG [GreedyNativeTest] 7------------
13:04:53,041 DEBUG [GreedyNativeTest] 0:,3,791275640
13:04:54,053 DEBUG [GreedyNativeTest] 0:,2,4401412
13:05:01,615 DEBUG [GreedyNativeTest] 0:,7,5545131448
13:05:08,250 DEBUG [GreedyNativeTest] 0:,3,3771079264
13:05:09,291 DEBUG [GreedyNativeTest] 0:,2,23786111
13:05:38,707 DEBUG [GreedyNativeTest] 0:,7,24073332127
13:05:39,886 DEBUG [GreedyNativeTest] 0:,2,108282329
13:05:42,116 DEBUG [GreedyNativeTest] 0:,6,1017917124
13:05:43,332 DEBUG [GreedyNativeTest] 0:,5,174156466
13:05:44,428 DEBUG [GreedyNativeTest] 0:,2,61625892
13:06:03,782 DEBUG [GreedyNativeTest] 0:,2,12539263111
13:06:04,815 DEBUG [GreedyNativeTest] 0:,5,23561160
13:06:05,840 DEBUG [GreedyNativeTest] 0:,3,15564635
13:06:06,976 DEBUG [GreedyNativeTest] 0:,3,93102423
13:06:08,111 DEBUG [GreedyNativeTest] 0:,3,87349053
13:06:09,831 DEBUG [GreedyNativeTest] 0:,4,524458575
13:06:11,492 DEBUG [GreedyNativeTest] 0:,4,495791052
13:06:12,519 DEBUG [GreedyNativeTest] 0:,2,13463650
13:06:13,544 DEBUG [GreedyNativeTest] 0:,2,14105945
13:06:14,665 DEBUG [GreedyNativeTest] 0:,2,69450627
13:06:15,796 DEBUG [GreedyNativeTest] 0:,2,70552691
13:06:16,915 DEBUG [GreedyNativeTest] 0:,2,64568563
13:06:18,877 DEBUG [GreedyNativeTest] 0:,2,526518331
13:06:19,912 DEBUG [GreedyNativeTest] 0:,2,17563538
13:06:20,926 DEBUG [GreedyNativeTest] 0:,2,6451504
13:06:22,353 DEBUG [GreedyNativeTest] 0:,2,262248179
13:06:35,118 DEBUG [GreedyNativeTest] 0:,2,7025993436
13:06:38,796 DEBUG [GreedyNativeTest] 0:,11,2439175002
13:06:42,762 DEBUG [GreedyNativeTest] 0:,6,2457381554
13:06:46,218 DEBUG [GreedyNativeTest] 0:,3,1684297051
13:06:47,275 DEBUG [GreedyNativeTest] 0:,8,47390166
13:06:48,329 DEBUG [GreedyNativeTest] 0:,4,41966374
13:06:49,394 DEBUG [GreedyNativeTest] 0:,3,44168241
13:06:50,831 DEBUG [GreedyNativeTest] 0:,9,390183859
13:06:52,296 DEBUG [GreedyNativeTest] 0:,5,381161934
13:06:53,740 DEBUG [GreedyNativeTest] 0:,3,320114809
13:06:53,740 DEBUG [GreedyNativeTest] 8------------
13:06:55,946 DEBUG [GreedyNativeTest] 0:,3,829336325
13:06:56,953 DEBUG [GreedyNativeTest] 0:,2,4140478
13:07:04,712 DEBUG [GreedyNativeTest] 0:,7,5637905546
13:07:11,152 DEBUG [GreedyNativeTest] 0:,3,3667263284
13:07:12,193 DEBUG [GreedyNativeTest] 0:,2,23736134
13:07:42,590 DEBUG [GreedyNativeTest] 0:,7,24442447199
13:07:43,773 DEBUG [GreedyNativeTest] 0:,2,109028395
13:07:45,993 DEBUG [GreedyNativeTest] 0:,6,1021730216
13:07:47,208 DEBUG [GreedyNativeTest] 0:,5,173659767
13:07:48,301 DEBUG [GreedyNativeTest] 0:,2,58759018
13:08:04,982 DEBUG [GreedyNativeTest] 0:,2,8733237616
13:08:06,014 DEBUG [GreedyNativeTest] 0:,5,21958886
13:08:07,040 DEBUG [GreedyNativeTest] 0:,3,14672614
13:08:08,166 DEBUG [GreedyNativeTest] 0:,3,85679553
13:08:09,293 DEBUG [GreedyNativeTest] 0:,3,86606837
13:08:10,966 DEBUG [GreedyNativeTest] 0:,4,507053989
13:08:12,659 DEBUG [GreedyNativeTest] 0:,4,519970889
13:08:13,684 DEBUG [GreedyNativeTest] 0:,2,12769903
13:08:14,707 DEBUG [GreedyNativeTest] 0:,2,11546122
13:08:15,814 DEBUG [GreedyNativeTest] 0:,2,63968790
13:08:16,929 DEBUG [GreedyNativeTest] 0:,2,67458495
13:08:18,040 DEBUG [GreedyNativeTest] 0:,2,66505248
13:08:19,992 DEBUG [GreedyNativeTest] 0:,2,534748294
13:08:21,021 DEBUG [GreedyNativeTest] 0:,2,14241603
13:08:22,032 DEBUG [GreedyNativeTest] 0:,2,6389610
13:08:23,428 DEBUG [GreedyNativeTest] 0:,2,248702622
13:08:35,786 DEBUG [GreedyNativeTest] 0:,2,6971402969
13:08:39,670 DEBUG [GreedyNativeTest] 0:,11,2301225645
13:08:44,082 DEBUG [GreedyNativeTest] 0:,6,2911397262
13:08:47,520 DEBUG [GreedyNativeTest] 0:,3,1688938301
13:08:48,572 DEBUG [GreedyNativeTest] 0:,8,44391851
13:08:49,629 DEBUG [GreedyNativeTest] 0:,4,40604873
13:08:50,695 DEBUG [GreedyNativeTest] 0:,3,43991706
13:08:52,094 DEBUG [GreedyNativeTest] 0:,9,358013388
13:08:53,589 DEBUG [GreedyNativeTest] 0:,5,370699879
13:08:55,030 DEBUG [GreedyNativeTest] 0:,3,315568252
13:08:55,030 DEBUG [GreedyNativeTest] 9------------
13:08:57,205 DEBUG [GreedyNativeTest] 0:,3,804951391
13:08:58,217 DEBUG [GreedyNativeTest] 0:,2,4202401
13:09:05,539 DEBUG [GreedyNativeTest] 0:,7,5435776328
13:09:11,953 DEBUG [GreedyNativeTest] 0:,3,3578280745
13:09:12,996 DEBUG [GreedyNativeTest] 0:,2,23863687
13:09:41,894 DEBUG [GreedyNativeTest] 0:,7,23587038687
13:09:43,078 DEBUG [GreedyNativeTest] 0:,2,108124859
13:09:45,257 DEBUG [GreedyNativeTest] 0:,6,984548093
13:09:46,468 DEBUG [GreedyNativeTest] 0:,5,174728070
13:09:47,561 DEBUG [GreedyNativeTest] 0:,2,58454365
13:10:07,417 DEBUG [GreedyNativeTest] 0:,2,13382771664
13:10:08,445 DEBUG [GreedyNativeTest] 0:,5,21661052
13:10:09,468 DEBUG [GreedyNativeTest] 0:,3,15363116
13:10:10,596 DEBUG [GreedyNativeTest] 0:,3,86416460
13:10:11,725 DEBUG [GreedyNativeTest] 0:,3,87540606
13:10:13,415 DEBUG [GreedyNativeTest] 0:,4,518408059
13:10:15,073 DEBUG [GreedyNativeTest] 0:,4,492988477
13:10:16,095 DEBUG [GreedyNativeTest] 0:,2,12188281
13:10:17,119 DEBUG [GreedyNativeTest] 0:,2,12534453
13:10:18,230 DEBUG [GreedyNativeTest] 0:,2,63907980
13:10:19,344 DEBUG [GreedyNativeTest] 0:,2,69222780
13:10:20,453 DEBUG [GreedyNativeTest] 0:,2,64899877
13:10:22,397 DEBUG [GreedyNativeTest] 0:,2,517011585
13:10:23,430 DEBUG [GreedyNativeTest] 0:,2,14652446
13:10:24,441 DEBUG [GreedyNativeTest] 0:,2,6478552
13:10:25,830 DEBUG [GreedyNativeTest] 0:,2,240966960
13:10:38,177 DEBUG [GreedyNativeTest] 0:,2,7085868103
13:10:41,820 DEBUG [GreedyNativeTest] 0:,11,2394031943
13:10:45,829 DEBUG [GreedyNativeTest] 0:,6,2458776957
13:10:49,277 DEBUG [GreedyNativeTest] 0:,3,1679509385
13:10:50,328 DEBUG [GreedyNativeTest] 0:,8,41170723
13:10:51,379 DEBUG [GreedyNativeTest] 0:,4,39611439
13:10:52,446 DEBUG [GreedyNativeTest] 0:,3,44733164
13:10:53,864 DEBUG [GreedyNativeTest] 0:,9,361094342
13:10:55,307 DEBUG [GreedyNativeTest] 0:,5,361568168
13:10:56,752 DEBUG [GreedyNativeTest] 0:,3,317848398
13:10:56,752 DEBUG [GreedyNativeTest] 10------------
13:10:58,934 DEBUG [GreedyNativeTest] 0:,3,802073353
13:10:59,944 DEBUG [GreedyNativeTest] 0:,2,4208290
13:11:07,255 DEBUG [GreedyNativeTest] 0:,7,5389227317
13:11:13,530 DEBUG [GreedyNativeTest] 0:,3,3495072338
13:11:14,565 DEBUG [GreedyNativeTest] 0:,2,21545339
13:11:43,746 DEBUG [GreedyNativeTest] 0:,7,24053309775
13:11:44,927 DEBUG [GreedyNativeTest] 0:,2,110226916
13:11:47,109 DEBUG [GreedyNativeTest] 0:,6,985906627
13:11:48,336 DEBUG [GreedyNativeTest] 0:,5,185738738
13:11:49,429 DEBUG [GreedyNativeTest] 0:,2,60118644
13:12:07,853 DEBUG [GreedyNativeTest] 0:,2,12012470159
13:12:08,886 DEBUG [GreedyNativeTest] 0:,5,21894438
13:12:09,910 DEBUG [GreedyNativeTest] 0:,3,15562493
13:12:11,036 DEBUG [GreedyNativeTest] 0:,3,88082880
13:12:12,170 DEBUG [GreedyNativeTest] 0:,3,89715860
13:12:13,849 DEBUG [GreedyNativeTest] 0:,4,516251181
13:12:15,504 DEBUG [GreedyNativeTest] 0:,4,497535452
13:12:16,529 DEBUG [GreedyNativeTest] 0:,2,12216735
13:12:17,549 DEBUG [GreedyNativeTest] 0:,2,11519801
13:12:18,661 DEBUG [GreedyNativeTest] 0:,2,65541830
13:12:19,769 DEBUG [GreedyNativeTest] 0:,2,64360168
13:12:20,878 DEBUG [GreedyNativeTest] 0:,2,63950842
13:12:22,815 DEBUG [GreedyNativeTest] 0:,2,508982974
13:12:23,844 DEBUG [GreedyNativeTest] 0:,2,14744421
13:12:24,856 DEBUG [GreedyNativeTest] 0:,2,7051325
13:12:26,243 DEBUG [GreedyNativeTest] 0:,2,241852363
13:12:38,524 DEBUG [GreedyNativeTest] 0:,2,7162845363
13:12:42,122 DEBUG [GreedyNativeTest] 0:,11,2359798803
13:12:46,320 DEBUG [GreedyNativeTest] 0:,6,2619473948
13:12:49,782 DEBUG [GreedyNativeTest] 0:,3,1694943989
13:12:50,831 DEBUG [GreedyNativeTest] 0:,8,42228127
13:12:51,889 DEBUG [GreedyNativeTest] 0:,4,44302395
13:12:52,956 DEBUG [GreedyNativeTest] 0:,3,44612553
13:12:54,349 DEBUG [GreedyNativeTest] 0:,9,350077046
13:12:55,822 DEBUG [GreedyNativeTest] 0:,5,393057876
13:12:57,315 DEBUG [GreedyNativeTest] 0:,3,335205885
16:28:17,370 DEBUG [IGreedyDSTest] 1--------C1000.9.clq
16:28:17,372 DEBUG [IGreedyDSTest] 3,5,1,60159877383,4,5,1,59781910703,
16:28:17,372 DEBUG [IGreedyDSTest] 3,5,2,58543509835,4,5,2,57161831040,
16:28:17,372 DEBUG [IGreedyDSTest] 3,5,3,60318019758,4,5,3,58561680689,
16:28:17,372 DEBUG [IGreedyDSTest] 3,5,4,59072234907,4,5,4,57971503386,
16:28:17,372 DEBUG [IGreedyDSTest] 3,5,5,59024122617,4,5,5,57739965188,
16:28:17,372 DEBUG [IGreedyDSTest] 3,10,1,30124673560,5,10,1,29874224473,
16:28:17,373 DEBUG [IGreedyDSTest] 3,10,2,29870321411,5,10,2,29231763024,
16:28:17,373 DEBUG [IGreedyDSTest] 3,10,3,29961542074,5,10,3,29418018240,
16:28:17,373 DEBUG [IGreedyDSTest] 3,10,4,29877011821,5,10,4,29837286843,
16:28:17,373 DEBUG [IGreedyDSTest] 3,10,5,30090468163,5,10,5,29691302627,
16:28:17,373 DEBUG [IGreedyDSTest] 3,10,6,29763176938,5,10,6,30756642982,
16:28:17,373 DEBUG [IGreedyDSTest] 3,10,7,30701078067,5,10,7,29601127596,
16:28:17,373 DEBUG [IGreedyDSTest] 3,10,8,29450943757,5,10,8,29773650656,
16:28:17,374 DEBUG [IGreedyDSTest] 3,10,9,29924770876,5,10,9,30037631442,
16:28:17,374 DEBUG [IGreedyDSTest] 3,10,10,30098070827,5,10,10,30535934746,
16:28:17,374 DEBUG [IGreedyDSTest] 3,20,1,15332049874,3,20,1,16318100316,
16:28:17,374 DEBUG [IGreedyDSTest] 3,20,2,15835734515,3,20,2,15593857778,
16:28:17,374 DEBUG [IGreedyDSTest] 3,20,3,16336810522,3,20,3,15541403335,
16:28:17,374 DEBUG [IGreedyDSTest] 3,20,4,15716223547,3,20,4,15352442857,
16:28:17,374 DEBUG [IGreedyDSTest] 3,20,5,15670005996,3,20,5,15330076860,
16:28:17,375 DEBUG [IGreedyDSTest] 3,20,6,16235007065,3,20,6,16323520460,
16:28:17,375 DEBUG [IGreedyDSTest] 3,20,7,15972547847,3,20,7,15339376095,
16:28:17,375 DEBUG [IGreedyDSTest] 3,20,8,15705626114,3,20,8,15462219468,
16:28:17,375 DEBUG [IGreedyDSTest] 3,20,9,16106594742,3,20,9,15702262444,
16:28:17,375 DEBUG [IGreedyDSTest] 3,20,10,15568101394,3,20,10,15642274813,
16:28:17,375 DEBUG [IGreedyDSTest] 3,20,11,15543115113,3,20,11,15824085612,
16:28:17,376 DEBUG [IGreedyDSTest] 3,20,12,15688251867,3,20,12,15941921637,
16:28:17,376 DEBUG [IGreedyDSTest] 3,20,13,16156241401,3,20,13,15502075040,
16:28:17,376 DEBUG [IGreedyDSTest] 3,20,14,15735020438,3,20,14,15019561505,
16:28:17,376 DEBUG [IGreedyDSTest] 3,20,15,15627698706,3,20,15,15294263683,
16:28:17,376 DEBUG [IGreedyDSTest] 3,20,16,15714708789,3,20,16,15246401473,
16:28:17,376 DEBUG [IGreedyDSTest] 3,20,17,16267881645,3,20,17,15278004820,
16:28:17,376 DEBUG [IGreedyDSTest] 3,20,18,15441272226,3,20,18,16289552029,
16:28:17,377 DEBUG [IGreedyDSTest] 3,20,19,15787907269,3,20,19,15359546026,
16:28:17,377 DEBUG [IGreedyDSTest] 3,20,20,15910458908,3,20,20,15438089626,
16:28:19,939 DEBUG [IGreedyDSTest] 1--------C125.9.clq
16:28:19,939 DEBUG [IGreedyDSTest] 2,5,1,62532554,5,5,1,58006598,
16:28:19,940 DEBUG [IGreedyDSTest] 2,5,2,62255862,3,5,2,58691218,
16:28:19,940 DEBUG [IGreedyDSTest] 2,5,3,64462421,3,5,3,57392032,
16:28:19,940 DEBUG [IGreedyDSTest] 2,5,4,60763451,3,5,4,57542885,
16:28:19,940 DEBUG [IGreedyDSTest] 2,5,5,67671155,3,5,5,58541739,
16:28:19,940 DEBUG [IGreedyDSTest] 2,10,1,36578033,10,10,1,37034084,
16:28:19,941 DEBUG [IGreedyDSTest] 2,10,2,37404789,3,10,2,34637115,
16:28:19,941 DEBUG [IGreedyDSTest] 2,10,3,37257062,3,10,3,34682865,
16:28:19,941 DEBUG [IGreedyDSTest] 2,10,4,36844152,3,10,4,36050943,
16:28:19,941 DEBUG [IGreedyDSTest] 2,10,5,37032085,3,10,5,35989436,
16:28:19,941 DEBUG [IGreedyDSTest] 2,10,6,36474557,3,10,6,35134449,
16:28:19,941 DEBUG [IGreedyDSTest] 2,10,7,36294402,3,10,7,35455753,
16:28:19,942 DEBUG [IGreedyDSTest] 2,10,8,36521499,3,10,8,34661221,
16:28:19,942 DEBUG [IGreedyDSTest] 2,10,9,36588121,3,10,9,34644537,
16:28:19,942 DEBUG [IGreedyDSTest] 2,10,10,36944069,3,10,10,36269873,
16:28:19,942 DEBUG [IGreedyDSTest] 2,20,1,25499134,20,20,1,26048283,
16:28:19,942 DEBUG [IGreedyDSTest] 2,20,2,25977001,3,20,2,23866942,
16:28:19,942 DEBUG [IGreedyDSTest] 2,20,3,24968480,3,20,3,23654493,
16:28:19,942 DEBUG [IGreedyDSTest] 2,20,4,24035930,3,20,4,24132719,
16:28:19,943 DEBUG [IGreedyDSTest] 2,20,5,24653335,3,20,5,24084273,
16:28:19,943 DEBUG [IGreedyDSTest] 2,20,6,25184926,3,20,6,24426366,
16:28:19,943 DEBUG [IGreedyDSTest] 2,20,7,24685928,3,20,7,24429835,
16:28:19,943 DEBUG [IGreedyDSTest] 2,20,8,24700892,3,20,8,24477550,
16:28:19,943 DEBUG [IGreedyDSTest] 2,20,9,25877414,3,20,9,23946319,
16:28:19,943 DEBUG [IGreedyDSTest] 2,20,10,24743816,3,20,10,48567398,
16:28:19,943 DEBUG [IGreedyDSTest] 2,20,11,24925933,3,20,11,25352779,
16:28:19,944 DEBUG [IGreedyDSTest] 2,20,12,25633224,3,20,12,24073003,
16:28:19,944 DEBUG [IGreedyDSTest] 2,20,13,25545128,3,20,13,24447837,
16:28:19,944 DEBUG [IGreedyDSTest] 2,20,14,24778871,3,20,14,25077874,
16:28:19,944 DEBUG [IGreedyDSTest] 2,20,15,24385608,3,20,15,24229330,
16:28:19,944 DEBUG [IGreedyDSTest] 2,20,16,25136080,3,20,16,24090678,
16:28:19,944 DEBUG [IGreedyDSTest] 2,20,17,27789622,3,20,17,25577878,
16:28:19,944 DEBUG [IGreedyDSTest] 2,20,18,24106744,3,20,18,24592974,
16:28:19,945 DEBUG [IGreedyDSTest] 2,20,19,24055563,3,20,19,24806952,
16:28:19,945 DEBUG [IGreedyDSTest] 2,20,20,25609051,3,20,20,24019436,
19:10:42,015 DEBUG [IGreedyDSTest] 1--------C2000.5.clq
19:10:42,016 DEBUG [IGreedyDSTest] 12,5,1,312106832493,10,5,1,327576828070,
19:10:42,017 DEBUG [IGreedyDSTest] 11,5,2,312998005292,10,5,2,327532209326,
19:10:42,017 DEBUG [IGreedyDSTest] 11,5,3,313904831328,10,5,3,321985805342,
19:10:42,017 DEBUG [IGreedyDSTest] 11,5,4,313121485456,10,5,4,327934095667,
19:10:42,017 DEBUG [IGreedyDSTest] 11,5,5,311107085233,10,5,5,326728170079,
19:10:42,017 DEBUG [IGreedyDSTest] 12,10,1,155625933426,12,10,1,162094700808,
19:10:42,018 DEBUG [IGreedyDSTest] 11,10,2,156444026249,10,10,2,164949134322,
19:10:42,018 DEBUG [IGreedyDSTest] 11,10,3,156839625583,10,10,3,165460552596,
19:10:42,018 DEBUG [IGreedyDSTest] 11,10,4,154417371041,10,10,4,167519997502,
19:10:42,018 DEBUG [IGreedyDSTest] 11,10,5,154468684975,10,10,5,163242283311,
19:10:42,018 DEBUG [IGreedyDSTest] 11,10,6,156245555261,10,10,6,162367215935,
19:10:42,018 DEBUG [IGreedyDSTest] 11,10,7,157780677620,10,10,7,161821880304,
19:10:42,018 DEBUG [IGreedyDSTest] 11,10,8,155986322542,10,10,8,160910821459,
19:10:42,019 DEBUG [IGreedyDSTest] 11,10,9,156062898417,10,10,9,161749633579,
19:10:42,019 DEBUG [IGreedyDSTest] 11,10,10,155278017211,10,10,10,162566271013,
19:10:42,019 DEBUG [IGreedyDSTest] 20,20,1,81505099503,20,20,1,81201033703,
19:10:42,019 DEBUG [IGreedyDSTest] 20,20,2,78679828365,8,20,2,82555168430,
19:10:42,019 DEBUG [IGreedyDSTest] 12,20,3,80142990614,8,20,3,81910699672,
19:10:42,019 DEBUG [IGreedyDSTest] 12,20,4,79213202507,8,20,4,83025665441,
19:10:42,019 DEBUG [IGreedyDSTest] 12,20,5,82472362664,8,20,5,82396184214,
19:10:42,020 DEBUG [IGreedyDSTest] 12,20,6,79364664298,8,20,6,81484269599,
19:10:42,020 DEBUG [IGreedyDSTest] 12,20,7,80454170740,8,20,7,80745644563,
19:10:42,020 DEBUG [IGreedyDSTest] 12,20,8,81098898712,8,20,8,81615198704,
19:10:42,020 DEBUG [IGreedyDSTest] 12,20,9,80598494264,8,20,9,81575552479,
19:10:42,020 DEBUG [IGreedyDSTest] 12,20,10,80794816906,8,20,10,80918246522,
19:10:42,020 DEBUG [IGreedyDSTest] 12,20,11,80833210708,8,20,11,81583509281,
19:10:42,020 DEBUG [IGreedyDSTest] 12,20,12,78937755165,8,20,12,81513304739,
19:10:42,021 DEBUG [IGreedyDSTest] 12,20,13,79838066275,8,20,13,81673556857,
19:10:42,021 DEBUG [IGreedyDSTest] 12,20,14,79079738836,8,20,14,81676386706,
19:10:42,021 DEBUG [IGreedyDSTest] 12,20,15,81918527550,8,20,15,82387478161,
19:10:42,021 DEBUG [IGreedyDSTest] 12,20,16,81058630154,8,20,16,79661952930,
19:10:42,021 DEBUG [IGreedyDSTest] 12,20,17,79947364990,8,20,17,80528253760,
19:10:42,021 DEBUG [IGreedyDSTest] 12,20,18,79799574410,8,20,18,81079235263,
19:10:42,021 DEBUG [IGreedyDSTest] 12,20,19,80289929736,8,20,19,82514112592,
19:10:42,021 DEBUG [IGreedyDSTest] 12,20,20,81418749296,8,20,20,82367018211,
23:30:05,870 DEBUG [IGreedyDSTest] 1--------C2000.9.clq
23:30:05,872 DEBUG [IGreedyDSTest] 4,5,1,528315320942,5,5,1,497886860855,
23:30:05,872 DEBUG [IGreedyDSTest] 4,5,2,523235767504,5,5,2,498320300186,
23:30:05,872 DEBUG [IGreedyDSTest] 4,5,3,521517536935,5,5,3,494461576865,
23:30:05,872 DEBUG [IGreedyDSTest] 4,5,4,523706120911,5,5,4,498141606235,
23:30:05,872 DEBUG [IGreedyDSTest] 4,5,5,526944522001,5,5,5,497562403223,
23:30:05,872 DEBUG [IGreedyDSTest] 4,10,1,262719678313,5,10,1,249457895242,
23:30:05,873 DEBUG [IGreedyDSTest] 4,10,2,260724250336,5,10,2,249073054809,
23:30:05,873 DEBUG [IGreedyDSTest] 4,10,3,253423100059,5,10,3,302292106694,
23:30:05,873 DEBUG [IGreedyDSTest] 4,10,4,254046828152,5,10,4,249967645694,
23:30:05,873 DEBUG [IGreedyDSTest] 4,10,5,252831489704,5,10,5,251490809765,
23:30:05,873 DEBUG [IGreedyDSTest] 4,10,6,253183602610,5,10,6,253728440630,
23:30:05,873 DEBUG [IGreedyDSTest] 4,10,7,253311810124,5,10,7,251237217244,
23:30:05,873 DEBUG [IGreedyDSTest] 4,10,8,251998825993,5,10,8,248581434096,
23:30:05,874 DEBUG [IGreedyDSTest] 4,10,9,251781786264,5,10,9,250779762258,
23:30:05,874 DEBUG [IGreedyDSTest] 4,10,10,252971798873,5,10,10,256605672751,
23:30:05,874 DEBUG [IGreedyDSTest] 3,20,1,127365279334,4,20,1,125978923185,
23:30:05,874 DEBUG [IGreedyDSTest] 3,20,2,127756702464,4,20,2,126949844629,
23:30:05,874 DEBUG [IGreedyDSTest] 3,20,3,124981677063,4,20,3,129237320257,
23:30:05,874 DEBUG [IGreedyDSTest] 3,20,4,127977986204,4,20,4,126077528079,
23:30:05,874 DEBUG [IGreedyDSTest] 3,20,5,128999296310,4,20,5,126148053704,
23:30:05,875 DEBUG [IGreedyDSTest] 3,20,6,126440433805,4,20,6,126501514784,
23:30:05,875 DEBUG [IGreedyDSTest] 3,20,7,128266565552,4,20,7,153966728992,
23:30:05,875 DEBUG [IGreedyDSTest] 3,20,8,128282262200,4,20,8,126787650259,
23:30:05,875 DEBUG [IGreedyDSTest] 3,20,9,128420003605,4,20,9,128159798180,
23:30:05,875 DEBUG [IGreedyDSTest] 3,20,10,127624384351,4,20,10,127751905561,
23:30:05,875 DEBUG [IGreedyDSTest] 3,20,11,128538832427,4,20,11,136788138488,
23:30:05,875 DEBUG [IGreedyDSTest] 3,20,12,129775037541,4,20,12,125920956673,
23:30:05,875 DEBUG [IGreedyDSTest] 3,20,13,129195045920,4,20,13,126452841665,
23:30:05,876 DEBUG [IGreedyDSTest] 3,20,14,128146567910,4,20,14,127783280115,
23:30:05,876 DEBUG [IGreedyDSTest] 3,20,15,128186488412,4,20,15,129611628807,
23:30:05,876 DEBUG [IGreedyDSTest] 3,20,16,129116210266,4,20,16,126136921266,
23:30:05,876 DEBUG [IGreedyDSTest] 3,20,17,129601541860,4,20,17,125968459115,
23:30:05,876 DEBUG [IGreedyDSTest] 3,20,18,129140393163,4,20,18,125917412070,
23:30:05,876 DEBUG [IGreedyDSTest] 3,20,19,128027055029,4,20,19,129455379471,
23:30:05,876 DEBUG [IGreedyDSTest] 3,20,20,128674121925,4,20,20,125856356792,
23:30:26,695 DEBUG [IGreedyDSTest] 1--------C250.9.clq
23:30:26,695 DEBUG [IGreedyDSTest] 3,5,1,603645247,4,5,1,579131293,
23:30:26,696 DEBUG [IGreedyDSTest] 3,5,2,599016472,4,5,2,582178949,
23:30:26,696 DEBUG [IGreedyDSTest] 3,5,3,599090989,4,5,3,575054003,
23:30:26,696 DEBUG [IGreedyDSTest] 3,5,4,597174678,4,5,4,575450922,
23:30:26,696 DEBUG [IGreedyDSTest] 3,5,5,597800982,4,5,5,577224250,
23:30:26,696 DEBUG [IGreedyDSTest] 3,10,1,320964718,10,10,1,310078269,
23:30:26,696 DEBUG [IGreedyDSTest] 3,10,2,321741531,3,10,2,305029056,
23:30:26,696 DEBUG [IGreedyDSTest] 3,10,3,324680674,3,10,3,303538014,
23:30:26,697 DEBUG [IGreedyDSTest] 3,10,4,322593240,3,10,4,313590580,
23:30:26,697 DEBUG [IGreedyDSTest] 3,10,5,321129251,3,10,5,305028177,
23:30:26,697 DEBUG [IGreedyDSTest] 3,10,6,317181421,3,10,6,305280769,
23:30:26,697 DEBUG [IGreedyDSTest] 3,10,7,321276013,3,10,7,306557464,
23:30:26,697 DEBUG [IGreedyDSTest] 3,10,8,323158506,3,10,8,303685199,
23:30:26,697 DEBUG [IGreedyDSTest] 3,10,9,323730245,3,10,9,303396440,
23:30:26,699 DEBUG [IGreedyDSTest] 3,10,10,321205560,3,10,10,303434294,
23:30:26,699 DEBUG [IGreedyDSTest] 2,20,1,189134637,20,20,1,193545791,
23:30:26,699 DEBUG [IGreedyDSTest] 2,20,2,189095883,3,20,2,186256688,
23:30:26,699 DEBUG [IGreedyDSTest] 2,20,3,188591817,3,20,3,185616126,
23:30:26,700 DEBUG [IGreedyDSTest] 2,20,4,189182217,3,20,4,185887105,
23:30:26,700 DEBUG [IGreedyDSTest] 2,20,5,189090401,3,20,5,186884126,
23:30:26,700 DEBUG [IGreedyDSTest] 2,20,6,199791738,3,20,6,185741722,
23:30:26,700 DEBUG [IGreedyDSTest] 2,20,7,189835585,3,20,7,184691749,
23:30:26,700 DEBUG [IGreedyDSTest] 2,20,8,189806995,3,20,8,186227910,
23:30:26,700 DEBUG [IGreedyDSTest] 2,20,9,192271949,3,20,9,197071695,
23:30:26,700 DEBUG [IGreedyDSTest] 2,20,10,192445348,3,20,10,186883778,
23:30:26,701 DEBUG [IGreedyDSTest] 2,20,11,189458099,3,20,11,185932186,
23:30:26,701 DEBUG [IGreedyDSTest] 2,20,12,188312904,3,20,12,186935688,
23:30:26,701 DEBUG [IGreedyDSTest] 2,20,13,189585527,3,20,13,185996058,
23:30:26,701 DEBUG [IGreedyDSTest] 2,20,14,188838767,3,20,14,187454338,
23:30:26,701 DEBUG [IGreedyDSTest] 2,20,15,189750326,3,20,15,187258203,
23:30:26,701 DEBUG [IGreedyDSTest] 2,20,16,190657244,3,20,16,185890193,
23:30:26,701 DEBUG [IGreedyDSTest] 2,20,17,190449216,3,20,17,187018428,
23:30:26,701 DEBUG [IGreedyDSTest] 2,20,18,190964971,3,20,18,187451566,
23:30:26,702 DEBUG [IGreedyDSTest] 2,20,19,191743190,3,20,19,187486502,
23:30:26,702 DEBUG [IGreedyDSTest] 2,20,20,189683276,3,20,20,186871178,
